[2025-04-21 06:03:25,019] INFO django.utils.autoreload Watching for file changes with StatReloader
[2025-04-21 06:03:58,035] INFO django.server "GET /companies/company/list/ HTTP/1.1" 200 6814
[2025-04-21 06:04:02,564] INFO django.server "GET /patient/list/ HTTP/1.1" 200 6407
[2025-04-21 06:04:03,747] INFO django.server "GET /patient/new/ HTTP/1.1" 200 4989
[2025-04-21 06:04:16,754] INFO django.server "POST /patient/new/ HTTP/1.1" 200 5245
[2025-04-21 06:04:18,317] INFO django.server "GET / HTTP/1.1" 200 5826
[2025-04-21 06:06:56,659] INFO django.utils.autoreload C:\Users\Bea\Desktop\personal_projects\mendoza_diagnostic_center_system\mdc_app\patients\views.py changed, reloading.
[2025-04-21 06:06:57,063] INFO django.utils.autoreload Watching for file changes with StatReloader
[2025-04-21 06:08:01,605] INFO django.utils.autoreload C:\Users\Bea\Desktop\personal_projects\mendoza_diagnostic_center_system\mdc_app\patients\views.py changed, reloading.
[2025-04-21 06:08:02,090] INFO django.utils.autoreload Watching for file changes with StatReloader
[2025-04-21 06:08:15,719] INFO django.utils.autoreload C:\Users\Bea\Desktop\personal_projects\mendoza_diagnostic_center_system\mdc_app\patients\views.py changed, reloading.
[2025-04-21 06:08:16,175] INFO django.utils.autoreload Watching for file changes with StatReloader
[2025-04-21 06:08:52,212] INFO django.utils.autoreload C:\Users\Bea\Desktop\personal_projects\mendoza_diagnostic_center_system\mdc_app\patients\views.py changed, reloading.
[2025-04-21 06:08:52,620] INFO django.utils.autoreload Watching for file changes with StatReloader
[2025-04-21 06:08:55,724] INFO django.server "GET / HTTP/1.1" 200 5826
[2025-04-21 06:08:56,911] INFO django.server "GET /patient/new/ HTTP/1.1" 200 4989
[2025-04-21 06:09:16,265] INFO mdc_app Patient CREATED by user='mapleshield': id=10, name=CATHERINE MARIANO
[2025-04-21 06:09:16,268] INFO django.server "POST /patient/new/ HTTP/1.1" 200 5249
[2025-04-21 06:09:17,430] INFO django.server "GET / HTTP/1.1" 200 5826
[2025-04-21 06:09:56,392] INFO django.server "GET /patient/new/ HTTP/1.1" 200 4989
[2025-04-21 06:09:58,738] INFO django.server "GET /patient/list/ HTTP/1.1" 200 7862
[2025-04-21 06:10:01,904] INFO django.server "GET /patient/10/edit/ HTTP/1.1" 200 5016
[2025-04-21 06:12:27,327] INFO django.utils.autoreload C:\Users\Bea\Desktop\personal_projects\mendoza_diagnostic_center_system\mdc_app\patients\views.py changed, reloading.
[2025-04-21 06:12:27,751] INFO django.utils.autoreload Watching for file changes with StatReloader
[2025-04-21 06:12:43,147] INFO django.utils.autoreload C:\Users\Bea\Desktop\personal_projects\mendoza_diagnostic_center_system\mdc_app\patients\views.py changed, reloading.
[2025-04-21 06:12:43,501] INFO django.utils.autoreload Watching for file changes with StatReloader
[2025-04-21 06:14:19,075] INFO django.utils.autoreload C:\Users\Bea\Desktop\personal_projects\mendoza_diagnostic_center_system\mdc_app\patients\views.py changed, reloading.
[2025-04-21 06:14:19,488] INFO django.utils.autoreload Watching for file changes with StatReloader
[2025-04-21 06:14:23,257] INFO django.server "POST /patient/10/edit/ HTTP/1.1" 302 0
[2025-04-21 06:14:23,270] INFO django.server "GET /patient/list/ HTTP/1.1" 200 7862
[2025-04-21 06:14:40,289] INFO django.utils.autoreload Watching for file changes with StatReloader
[2025-04-21 06:14:42,483] INFO django.server "GET /patient/list/ HTTP/1.1" 200 7862
[2025-04-21 06:14:45,888] INFO django.server "GET /patient/10/edit/ HTTP/1.1" 200 5019
[2025-04-21 06:14:53,496] INFO django.server "POST /patient/10/edit/ HTTP/1.1" 302 0
[2025-04-21 06:14:53,504] INFO django.server "GET /patient/list/ HTTP/1.1" 200 7862
[2025-04-21 06:16:04,469] INFO django.utils.autoreload C:\Users\Bea\Desktop\personal_projects\mendoza_diagnostic_center_system\mdc_app\mdc_app\settings.py changed, reloading.
[2025-04-21 06:16:04,929] INFO django.utils.autoreload Watching for file changes with StatReloader
[2025-04-21 06:16:23,868] INFO django.utils.autoreload Watching for file changes with StatReloader
[2025-04-21 06:16:30,409] INFO django.server "GET /patient/9/edit/ HTTP/1.1" 200 5013
[2025-04-21 06:16:37,490] INFO mdc_app Patient UPDATED by user='mapleshield' (id=9): 'middle_name': 'UY' → 'CRUZ'
[2025-04-21 06:16:37,491] INFO django.server "POST /patient/9/edit/ HTTP/1.1" 302 0
[2025-04-21 06:16:37,503] INFO django.server "GET /patient/list/ HTTP/1.1" 200 7862
[2025-04-21 06:19:31,965] INFO django.utils.autoreload C:\Users\Bea\Desktop\personal_projects\mendoza_diagnostic_center_system\mdc_app\patients\views.py changed, reloading.
[2025-04-21 06:19:32,359] INFO django.utils.autoreload Watching for file changes with StatReloader
[2025-04-21 06:20:23,540] INFO django.server "GET /transactions/transaction/list/ HTTP/1.1" 200 14583
[2025-04-21 06:21:02,493] INFO django.server "GET /patient/list/ HTTP/1.1" 200 8226
[2025-04-21 06:21:06,705] ERROR django.request Internal Server Error: /patient/list/
Traceback (most recent call last):
  File "C:\Users\Bea\AppData\Local\Programs\Python\Python311\Lib\site-packages\django\core\handlers\exception.py", line 55, in inner
    response = get_response(request)
               ^^^^^^^^^^^^^^^^^^^^^
  File "C:\Users\Bea\AppData\Local\Programs\Python\Python311\Lib\site-packages\django\core\handlers\base.py", line 197, in _get_response
    response = wrapped_callback(request, *callback_args, **callback_kwargs)
               ^^^^^^^^^^^^^^^^^^^^^^^^^^^^^^^^^^^^^^^^^^^^^^^^^^^^^^^^^^^^
  File "C:\Users\Bea\AppData\Local\Programs\Python\Python311\Lib\site-packages\django\views\generic\base.py", line 104, in view
    return self.dispatch(request, *args, **kwargs)
           ^^^^^^^^^^^^^^^^^^^^^^^^^^^^^^^^^^^^^^^
  File "C:\Users\Bea\AppData\Local\Programs\Python\Python311\Lib\site-packages\django\utils\decorators.py", line 48, in _wrapper
    return bound_method(*args, **kwargs)
           ^^^^^^^^^^^^^^^^^^^^^^^^^^^^^
  File "C:\Users\Bea\AppData\Local\Programs\Python\Python311\Lib\site-packages\django\contrib\auth\decorators.py", line 59, in _view_wrapper
    return view_func(request, *args, **kwargs)
           ^^^^^^^^^^^^^^^^^^^^^^^^^^^^^^^^^^^
  File "C:\Users\Bea\AppData\Local\Programs\Python\Python311\Lib\site-packages\django\views\generic\base.py", line 143, in dispatch
    return handler(request, *args, **kwargs)
           ^^^^^^^^^^^^^^^^^^^^^^^^^^^^^^^^^
  File "C:\Users\Bea\AppData\Local\Programs\Python\Python311\Lib\site-packages\django\views\generic\list.py", line 158, in get
    self.object_list = self.get_queryset()
                       ^^^^^^^^^^^^^^^^^^^
  File "C:\Users\Bea\Desktop\personal_projects\mendoza_diagnostic_center_system\mdc_app\patients\views.py", line 48, in get_queryset
    Q(first_name__icontains=q) |
    ^
NameError: name 'Q' is not defined
[2025-04-21 06:21:06,707] ERROR django.server "GET /patient/list/?q=BEA HTTP/1.1" 500 92888
[2025-04-21 06:21:55,690] INFO django.utils.autoreload C:\Users\Bea\Desktop\personal_projects\mendoza_diagnostic_center_system\mdc_app\patients\views.py changed, reloading.
[2025-04-21 06:21:56,112] INFO django.utils.autoreload Watching for file changes with StatReloader
[2025-04-21 06:21:57,434] INFO django.server "GET /patient/list/ HTTP/1.1" 200 8226
[2025-04-21 06:22:01,406] INFO django.server "GET /patient/list/?q=BEA HTTP/1.1" 200 6860
[2025-04-21 06:22:07,928] INFO django.server "GET /patient/list/?q=ALBERT HTTP/1.1" 200 6866
[2025-04-21 06:22:13,158] INFO django.server "GET /patient/list/?q=7 HTTP/1.1" 200 5887
[2025-04-21 06:22:15,808] INFO django.server "GET /patient/list/ HTTP/1.1" 200 8226
[2025-04-21 06:22:19,544] INFO django.server "GET /patient/list/?q=8 HTTP/1.1" 200 6858
[2025-04-21 06:22:20,875] INFO django.server "GET /patient/list/ HTTP/1.1" 200 8226
[2025-04-21 06:22:25,718] INFO django.server "GET /transactions/transaction/list/ HTTP/1.1" 200 14583
[2025-04-21 06:25:18,522] INFO django.utils.autoreload C:\Users\Bea\Desktop\personal_projects\mendoza_diagnostic_center_system\mdc_app\transactions\views.py changed, reloading.
[2025-04-21 06:25:18,952] INFO django.utils.autoreload Watching for file changes with StatReloader
[2025-04-21 06:25:47,825] INFO django.utils.autoreload C:\Users\Bea\Desktop\personal_projects\mendoza_diagnostic_center_system\mdc_app\transactions\views.py changed, reloading.
[2025-04-21 06:25:48,299] INFO django.utils.autoreload Watching for file changes with StatReloader
